2018-11-22 15:43:58.008  INFO 13007 --- [main] c.c.springcloud.SpringcloudApplication   : No active profile set, falling back to default profiles: default
2018-11-22 15:43:58.023  INFO 13007 --- [main] ConfigServletWebServerApplicationContext : Refreshing org.springframework.boot.web.servlet.context.AnnotationConfigServletWebServerApplicationContext@1e8b7643: startup date [Thu Nov 22 15:43:58 CST 2018]; parent: org.springframework.context.annotation.AnnotationConfigApplicationContext@59309333
2018-11-22 15:43:58.748  INFO 13007 --- [main] o.s.cloud.context.scope.GenericScope     : BeanFactory id=0878cc9f-5577-3945-8ce0-fe2044a59a84
2018-11-22 15:43:58.765  INFO 13007 --- [main] f.a.AutowiredAnnotationBeanPostProcessor : JSR-330 'javax.inject.Inject' annotation found and supported for autowiring
2018-11-22 15:43:58.849  INFO 13007 --- [main] trationDelegate$BeanPostProcessorChecker : Bean 'org.springframework.cloud.autoconfigure.ConfigurationPropertiesRebinderAutoConfiguration' of type [org.springframework.cloud.autoconfigure.ConfigurationPropertiesRebinderAutoConfiguration$$EnhancerBySpringCGLIB$$e30bd875] is not eligible for getting processed by all BeanPostProcessors (for example: not eligible for auto-proxying)
2018-11-22 15:43:59.064  INFO 13007 --- [main] o.s.b.w.embedded.tomcat.TomcatWebServer  : Tomcat initialized with port(s): 1234 (http)
2018-11-22 15:43:59.080  INFO 13007 --- [main] o.apache.catalina.core.StandardService   : Starting service [Tomcat]
2018-11-22 15:43:59.080  INFO 13007 --- [main] org.apache.catalina.core.StandardEngine  : Starting Servlet Engine: Apache Tomcat/8.5.31
2018-11-22 15:43:59.083  INFO 13007 --- [localhost-startStop-1] o.a.catalina.core.AprLifecycleListener   : The APR based Apache Tomcat Native library which allows optimal performance in production environments was not found on the java.library.path: [/Users/jonas/Library/Java/Extensions:/Library/Java/Extensions:/Network/Library/Java/Extensions:/System/Library/Java/Extensions:/usr/lib/java:.]
2018-11-22 15:43:59.156  INFO 13007 --- [localhost-startStop-1] o.a.c.c.C.[Tomcat].[localhost].[/]       : Initializing Spring embedded WebApplicationContext
2018-11-22 15:43:59.156  INFO 13007 --- [localhost-startStop-1] o.s.web.context.ContextLoader            : Root WebApplicationContext: initialization completed in 1133 ms
2018-11-22 15:43:59.331  WARN 13007 --- [localhost-startStop-1] c.n.c.sources.URLConfigurationSource     : No URLs will be polled as dynamic configuration sources.
2018-11-22 15:43:59.331  INFO 13007 --- [localhost-startStop-1] c.n.c.sources.URLConfigurationSource     : To enable URLs as dynamic configuration sources, define System property archaius.configurationSource.additionalUrls or make config.properties available on classpath.
2018-11-22 15:43:59.340  INFO 13007 --- [localhost-startStop-1] c.netflix.config.DynamicPropertyFactory  : DynamicPropertyFactory is initialized with configuration sources: com.netflix.config.ConcurrentCompositeConfiguration@9802ad5
2018-11-22 15:44:00.089  INFO 13007 --- [localhost-startStop-1] o.s.b.w.servlet.FilterRegistrationBean   : Mapping filter: 'characterEncodingFilter' to: [/*]
2018-11-22 15:44:00.089  INFO 13007 --- [localhost-startStop-1] o.s.b.w.servlet.FilterRegistrationBean   : Mapping filter: 'hiddenHttpMethodFilter' to: [/*]
2018-11-22 15:44:00.089  INFO 13007 --- [localhost-startStop-1] o.s.b.w.servlet.FilterRegistrationBean   : Mapping filter: 'httpPutFormContentFilter' to: [/*]
2018-11-22 15:44:00.090  INFO 13007 --- [localhost-startStop-1] o.s.b.w.servlet.FilterRegistrationBean   : Mapping filter: 'requestContextFilter' to: [/*]
2018-11-22 15:44:00.090  INFO 13007 --- [localhost-startStop-1] o.s.b.w.servlet.FilterRegistrationBean   : Mapping filter: 'httpTraceFilter' to: [/*]
2018-11-22 15:44:00.090  INFO 13007 --- [localhost-startStop-1] o.s.b.w.servlet.FilterRegistrationBean   : Mapping filter: 'webMvcMetricsFilter' to: [/*]
2018-11-22 15:44:00.090  INFO 13007 --- [localhost-startStop-1] o.s.b.w.servlet.FilterRegistrationBean   : Mapping filter: 'servletContainer' to urls: [/eureka/*]
2018-11-22 15:44:00.090  INFO 13007 --- [localhost-startStop-1] o.s.b.w.servlet.ServletRegistrationBean  : Servlet dispatcherServlet mapped to [/]
2018-11-22 15:44:00.133  INFO 13007 --- [localhost-startStop-1] c.s.j.s.i.a.WebApplicationImpl           : Initiating Jersey application, version 'Jersey: 1.19.1 03/11/2016 02:08 PM'
2018-11-22 15:44:00.176  INFO 13007 --- [localhost-startStop-1] c.n.d.provider.DiscoveryJerseyProvider   : Using JSON encoding codec LegacyJacksonJson
2018-11-22 15:44:00.177  INFO 13007 --- [localhost-startStop-1] c.n.d.provider.DiscoveryJerseyProvider   : Using JSON decoding codec LegacyJacksonJson
2018-11-22 15:44:00.276  INFO 13007 --- [localhost-startStop-1] c.n.d.provider.DiscoveryJerseyProvider   : Using XML encoding codec XStreamXml
2018-11-22 15:44:00.276  INFO 13007 --- [localhost-startStop-1] c.n.d.provider.DiscoveryJerseyProvider   : Using XML decoding codec XStreamXml
2018-11-22 15:44:00.668  WARN 13007 --- [main] c.n.c.sources.URLConfigurationSource     : No URLs will be polled as dynamic configuration sources.
2018-11-22 15:44:00.668  INFO 13007 --- [main] c.n.c.sources.URLConfigurationSource     : To enable URLs as dynamic configuration sources, define System property archaius.configurationSource.additionalUrls or make config.properties available on classpath.
2018-11-22 15:44:00.735  INFO 13007 --- [main] o.s.w.s.handler.SimpleUrlHandlerMapping  : Mapped URL path [/**/favicon.ico] onto handler of type [class org.springframework.web.servlet.resource.ResourceHttpRequestHandler]
2018-11-22 15:44:00.914  INFO 13007 --- [main] s.w.s.m.m.a.RequestMappingHandlerAdapter : Looking for @ControllerAdvice: org.springframework.boot.web.servlet.context.AnnotationConfigServletWebServerApplicationContext@1e8b7643: startup date [Thu Nov 22 15:43:58 CST 2018]; parent: org.springframework.context.annotation.AnnotationConfigApplicationContext@59309333
2018-11-22 15:44:00.977  INFO 13007 --- [main] s.w.s.m.m.a.RequestMappingHandlerMapping : Mapped "{[/error]}" onto public org.springframework.http.ResponseEntity<java.util.Map<java.lang.String, java.lang.Object>> org.springframework.boot.autoconfigure.web.servlet.error.BasicErrorController.error(javax.servlet.http.HttpServletRequest)
2018-11-22 15:44:00.979  INFO 13007 --- [main] s.w.s.m.m.a.RequestMappingHandlerMapping : Mapped "{[/error],produces=[text/html]}" onto public org.springframework.web.servlet.ModelAndView org.springframework.boot.autoconfigure.web.servlet.error.BasicErrorController.errorHtml(javax.servlet.http.HttpServletRequest,javax.servlet.http.HttpServletResponse)
2018-11-22 15:44:00.985  INFO 13007 --- [main] s.w.s.m.m.a.RequestMappingHandlerMapping : Mapped "{[/],methods=[GET]}" onto public java.lang.String org.springframework.cloud.netflix.eureka.server.EurekaController.status(javax.servlet.http.HttpServletRequest,java.util.Map<java.lang.String, java.lang.Object>)
2018-11-22 15:44:00.986  INFO 13007 --- [main] s.w.s.m.m.a.RequestMappingHandlerMapping : Mapped "{[/lastn],methods=[GET]}" onto public java.lang.String org.springframework.cloud.netflix.eureka.server.EurekaController.lastn(javax.servlet.http.HttpServletRequest,java.util.Map<java.lang.String, java.lang.Object>)
2018-11-22 15:44:01.012  INFO 13007 --- [main] o.s.w.s.handler.SimpleUrlHandlerMapping  : Mapped URL path [/webjars/**] onto handler of type [class org.springframework.web.servlet.resource.ResourceHttpRequestHandler]
2018-11-22 15:44:01.012  INFO 13007 --- [main] o.s.w.s.handler.SimpleUrlHandlerMapping  : Mapped URL path [/**] onto handler of type [class org.springframework.web.servlet.resource.ResourceHttpRequestHandler]
2018-11-22 15:44:01.415  INFO 13007 --- [main] o.s.ui.freemarker.SpringTemplateLoader   : SpringTemplateLoader for FreeMarker: using resource loader [org.springframework.boot.web.servlet.context.AnnotationConfigServletWebServerApplicationContext@1e8b7643: startup date [Thu Nov 22 15:43:58 CST 2018]; parent: org.springframework.context.annotation.AnnotationConfigApplicationContext@59309333] and template loader path [classpath:/templates/]
2018-11-22 15:44:01.416  INFO 13007 --- [main] o.s.w.s.v.f.FreeMarkerConfigurer         : ClassTemplateLoader for Spring macros added to FreeMarker configuration
2018-11-22 15:44:01.555  INFO 13007 --- [main] o.s.c.n.eureka.InstanceInfoFactory       : Setting initial instance status as: STARTING
2018-11-22 15:44:01.575  INFO 13007 --- [main] com.netflix.discovery.DiscoveryClient    : Initializing Eureka in region us-east-1
2018-11-22 15:44:01.575  INFO 13007 --- [main] com.netflix.discovery.DiscoveryClient    : Client configured to neither register nor query for data.
2018-11-22 15:44:01.582  INFO 13007 --- [main] com.netflix.discovery.DiscoveryClient    : Discovery Client initialized at timestamp 1542872641579 with initial instances count: 0
2018-11-22 15:44:01.612  INFO 13007 --- [main] c.n.eureka.DefaultEurekaServerContext    : Initializing ...
2018-11-22 15:44:01.614  WARN 13007 --- [main] c.n.eureka.cluster.PeerEurekaNodes       : The replica size seems to be empty. Check the route 53 DNS Registry
2018-11-22 15:44:01.626  INFO 13007 --- [main] c.n.e.registry.AbstractInstanceRegistry  : Finished initializing remote region registries. All known remote regions: []
2018-11-22 15:44:01.627  INFO 13007 --- [main] c.n.eureka.DefaultEurekaServerContext    : Initialized
2018-11-22 15:44:01.646  INFO 13007 --- [main] o.s.b.a.e.web.EndpointLinksResolver      : Exposing 2 endpoint(s) beneath base path '/actuator'
2018-11-22 15:44:01.666  INFO 13007 --- [main] s.b.a.e.w.s.WebMvcEndpointHandlerMapping : Mapped "{[/actuator/health],methods=[GET],produces=[application/vnd.spring-boot.actuator.v2+json || application/json]}" onto public java.lang.Object org.springframework.boot.actuate.endpoint.web.servlet.AbstractWebMvcEndpointHandlerMapping$OperationHandler.handle(javax.servlet.http.HttpServletRequest,java.util.Map<java.lang.String, java.lang.String>)
2018-11-22 15:44:01.667  INFO 13007 --- [main] s.b.a.e.w.s.WebMvcEndpointHandlerMapping : Mapped "{[/actuator/info],methods=[GET],produces=[application/vnd.spring-boot.actuator.v2+json || application/json]}" onto public java.lang.Object org.springframework.boot.actuate.endpoint.web.servlet.AbstractWebMvcEndpointHandlerMapping$OperationHandler.handle(javax.servlet.http.HttpServletRequest,java.util.Map<java.lang.String, java.lang.String>)
2018-11-22 15:44:01.668  INFO 13007 --- [main] s.b.a.e.w.s.WebMvcEndpointHandlerMapping : Mapped "{[/actuator],methods=[GET],produces=[application/vnd.spring-boot.actuator.v2+json || application/json]}" onto protected java.util.Map<java.lang.String, java.util.Map<java.lang.String, org.springframework.boot.actuate.endpoint.web.Link>> org.springframework.boot.actuate.endpoint.web.servlet.WebMvcEndpointHandlerMapping.links(javax.servlet.http.HttpServletRequest,javax.servlet.http.HttpServletResponse)
2018-11-22 15:44:01.749  INFO 13007 --- [main] o.s.j.e.a.AnnotationMBeanExporter        : Registering beans for JMX exposure on startup
2018-11-22 15:44:01.761  INFO 13007 --- [main] o.s.j.e.a.AnnotationMBeanExporter        : Bean with name 'environmentManager' has been autodetected for JMX exposure
2018-11-22 15:44:01.767  INFO 13007 --- [main] o.s.j.e.a.AnnotationMBeanExporter        : Bean with name 'configurationPropertiesRebinder' has been autodetected for JMX exposure
2018-11-22 15:44:01.768  INFO 13007 --- [main] o.s.j.e.a.AnnotationMBeanExporter        : Bean with name 'refreshScope' has been autodetected for JMX exposure
2018-11-22 15:44:01.772  INFO 13007 --- [main] o.s.j.e.a.AnnotationMBeanExporter        : Located managed bean 'environmentManager': registering with JMX server as MBean [org.springframework.cloud.context.environment:name=environmentManager,type=EnvironmentManager]
2018-11-22 15:44:01.779  INFO 13007 --- [main] o.s.j.e.a.AnnotationMBeanExporter        : Located managed bean 'refreshScope': registering with JMX server as MBean [org.springframework.cloud.context.scope.refresh:name=refreshScope,type=RefreshScope]
2018-11-22 15:44:01.788  INFO 13007 --- [main] o.s.j.e.a.AnnotationMBeanExporter        : Located managed bean 'configurationPropertiesRebinder': registering with JMX server as MBean [org.springframework.cloud.context.properties:name=configurationPropertiesRebinder,context=1e8b7643,type=ConfigurationPropertiesRebinder]
2018-11-22 15:44:01.796  INFO 13007 --- [main] o.s.c.support.DefaultLifecycleProcessor  : Starting beans in phase 0
2018-11-22 15:44:01.796  INFO 13007 --- [main] o.s.c.n.e.s.EurekaServiceRegistry        : Registering application eureka-server with eureka with status UP
2018-11-22 15:44:01.799  INFO 13007 --- [Thread-22] o.s.c.n.e.server.EurekaServerBootstrap   : Setting the eureka configuration..
2018-11-22 15:44:01.799  INFO 13007 --- [Thread-22] o.s.c.n.e.server.EurekaServerBootstrap   : Eureka data center value eureka.datacenter is not set, defaulting to default
2018-11-22 15:44:01.800  INFO 13007 --- [Thread-22] o.s.c.n.e.server.EurekaServerBootstrap   : Eureka environment value eureka.environment is not set, defaulting to test
2018-11-22 15:44:01.807  INFO 13007 --- [Thread-22] o.s.c.n.e.server.EurekaServerBootstrap   : isAws returned false
2018-11-22 15:44:01.808  INFO 13007 --- [Thread-22] o.s.c.n.e.server.EurekaServerBootstrap   : Initialized server context
2018-11-22 15:44:01.808  INFO 13007 --- [Thread-22] c.n.e.r.PeerAwareInstanceRegistryImpl    : Got 1 instances from neighboring DS node
2018-11-22 15:44:01.808  INFO 13007 --- [Thread-22] c.n.e.r.PeerAwareInstanceRegistryImpl    : Renew threshold is: 1
2018-11-22 15:44:01.808  INFO 13007 --- [Thread-22] c.n.e.r.PeerAwareInstanceRegistryImpl    : Changing status to UP
2018-11-22 15:44:01.818  INFO 13007 --- [Thread-22] e.s.EurekaServerInitializerConfiguration : Started Eureka Server
2018-11-22 15:44:01.848  INFO 13007 --- [main] o.s.b.w.embedded.tomcat.TomcatWebServer  : Tomcat started on port(s): 1234 (http) with context path ''
2018-11-22 15:44:01.850  INFO 13007 --- [main] .s.c.n.e.s.EurekaAutoServiceRegistration : Updating port to 1234
2018-11-22 15:44:01.854  INFO 13007 --- [main] c.c.springcloud.SpringcloudApplication   : Started SpringcloudApplication in 4.839 seconds (JVM running for 5.531)
2018-11-22 15:44:02.407  INFO 13007 --- [RMI TCP Connection(8)-127.0.0.1] o.a.c.c.C.[Tomcat].[localhost].[/]       : Initializing Spring FrameworkServlet 'dispatcherServlet'
2018-11-22 15:44:02.407  INFO 13007 --- [RMI TCP Connection(8)-127.0.0.1] o.s.web.servlet.DispatcherServlet        : FrameworkServlet 'dispatcherServlet': initialization started
2018-11-22 15:44:02.422  INFO 13007 --- [RMI TCP Connection(8)-127.0.0.1] o.s.web.servlet.DispatcherServlet        : FrameworkServlet 'dispatcherServlet': initialization completed in 15 ms
2018-11-22 15:44:35.306  INFO 13007 --- [http-nio-1234-exec-2] c.n.e.registry.AbstractInstanceRegistry  : Registered instance SERVICE-MEMBER/10.202.47.250:service-member:8763 with status UP (replication=false)
2018-11-22 15:45:01.812  INFO 13007 --- [Eureka-EvictionTimer] c.n.e.registry.AbstractInstanceRegistry  : Running the evict task with compensationTime 0ms
2018-11-22 15:46:01.814  INFO 13007 --- [Eureka-EvictionTimer] c.n.e.registry.AbstractInstanceRegistry  : Running the evict task with compensationTime 2ms
2018-11-22 15:47:01.817  INFO 13007 --- [Eureka-EvictionTimer] c.n.e.registry.AbstractInstanceRegistry  : Running the evict task with compensationTime 3ms
2018-11-22 15:48:01.822  INFO 13007 --- [Eureka-EvictionTimer] c.n.e.registry.AbstractInstanceRegistry  : Running the evict task with compensationTime 4ms
2018-11-22 15:49:01.824  INFO 13007 --- [Eureka-EvictionTimer] c.n.e.registry.AbstractInstanceRegistry  : Running the evict task with compensationTime 2ms
2018-11-22 15:50:01.824  INFO 13007 --- [Eureka-EvictionTimer] c.n.e.registry.AbstractInstanceRegistry  : Running the evict task with compensationTime 0ms
2018-11-22 15:51:01.824  INFO 13007 --- [Eureka-EvictionTimer] c.n.e.registry.AbstractInstanceRegistry  : Running the evict task with compensationTime 0ms
2018-11-22 15:52:01.827  INFO 13007 --- [Eureka-EvictionTimer] c.n.e.registry.AbstractInstanceRegistry  : Running the evict task with compensationTime 3ms
2018-11-22 15:53:01.831  INFO 13007 --- [Eureka-EvictionTimer] c.n.e.registry.AbstractInstanceRegistry  : Running the evict task with compensationTime 3ms
2018-11-22 15:53:09.250  INFO 13007 --- [http-nio-1234-exec-9] c.n.e.registry.AbstractInstanceRegistry  : Registered instance SERVICE-ORDER-FEIGN/10.202.47.250:service-order-feign:8766 with status UP (replication=false)
2018-11-22 15:54:01.613  WARN 13007 --- [Eureka-PeerNodesUpdater] c.n.eureka.cluster.PeerEurekaNodes       : The replica size seems to be empty. Check the route 53 DNS Registry
2018-11-22 15:54:01.834  INFO 13007 --- [Eureka-EvictionTimer] c.n.e.registry.AbstractInstanceRegistry  : Running the evict task with compensationTime 3ms
2018-11-22 15:55:01.838  INFO 13007 --- [Eureka-EvictionTimer] c.n.e.registry.AbstractInstanceRegistry  : Running the evict task with compensationTime 4ms
2018-11-22 15:56:01.841  INFO 13007 --- [Eureka-EvictionTimer] c.n.e.registry.AbstractInstanceRegistry  : Running the evict task with compensationTime 2ms
2018-11-22 15:57:01.840  INFO 13007 --- [Eureka-EvictionTimer] c.n.e.registry.AbstractInstanceRegistry  : Running the evict task with compensationTime 2ms
2018-11-22 15:58:01.841  INFO 13007 --- [Eureka-EvictionTimer] c.n.e.registry.AbstractInstanceRegistry  : Running the evict task with compensationTime 1ms
2018-11-22 15:59:01.628  INFO 13007 --- [ReplicaAwareInstanceRegistry - RenewalThresholdUpdater] c.n.e.r.PeerAwareInstanceRegistryImpl    : Current renewal threshold is : 5
2018-11-22 15:59:01.845  INFO 13007 --- [Eureka-EvictionTimer] c.n.e.registry.AbstractInstanceRegistry  : Running the evict task with compensationTime 4ms
2018-11-22 16:00:01.845  INFO 13007 --- [Eureka-EvictionTimer] c.n.e.registry.AbstractInstanceRegistry  : Running the evict task with compensationTime 1ms
2018-11-22 16:01:01.845  INFO 13007 --- [Eureka-EvictionTimer] c.n.e.registry.AbstractInstanceRegistry  : Running the evict task with compensationTime 0ms
2018-11-22 16:02:01.850  INFO 13007 --- [Eureka-EvictionTimer] c.n.e.registry.AbstractInstanceRegistry  : Running the evict task with compensationTime 3ms
2018-11-22 16:03:01.851  INFO 13007 --- [Eureka-EvictionTimer] c.n.e.registry.AbstractInstanceRegistry  : Running the evict task with compensationTime 2ms
2018-11-22 16:04:01.609  WARN 13007 --- [Eureka-PeerNodesUpdater] c.n.eureka.cluster.PeerEurekaNodes       : The replica size seems to be empty. Check the route 53 DNS Registry
2018-11-22 16:04:01.852  INFO 13007 --- [Eureka-EvictionTimer] c.n.e.registry.AbstractInstanceRegistry  : Running the evict task with compensationTime 1ms
2018-11-22 16:05:01.854  INFO 13007 --- [Eureka-EvictionTimer] c.n.e.registry.AbstractInstanceRegistry  : Running the evict task with compensationTime 2ms
2018-11-22 16:06:01.857  INFO 13007 --- [Eureka-EvictionTimer] c.n.e.registry.AbstractInstanceRegistry  : Running the evict task with compensationTime 3ms
2018-11-22 16:07:01.862  INFO 13007 --- [Eureka-EvictionTimer] c.n.e.registry.AbstractInstanceRegistry  : Running the evict task with compensationTime 5ms
2018-11-22 16:08:01.864  INFO 13007 --- [Eureka-EvictionTimer] c.n.e.registry.AbstractInstanceRegistry  : Running the evict task with compensationTime 2ms
2018-11-22 16:09:01.867  INFO 13007 --- [Eureka-EvictionTimer] c.n.e.registry.AbstractInstanceRegistry  : Running the evict task with compensationTime 3ms
2018-11-22 16:10:01.870  INFO 13007 --- [Eureka-EvictionTimer] c.n.e.registry.AbstractInstanceRegistry  : Running the evict task with compensationTime 3ms
2018-11-22 16:11:01.875  INFO 13007 --- [Eureka-EvictionTimer] c.n.e.registry.AbstractInstanceRegistry  : Running the evict task with compensationTime 5ms
2018-11-22 16:12:01.878  INFO 13007 --- [Eureka-EvictionTimer] c.n.e.registry.AbstractInstanceRegistry  : Running the evict task with compensationTime 3ms
2018-11-22 16:13:01.882  INFO 13007 --- [Eureka-EvictionTimer] c.n.e.registry.AbstractInstanceRegistry  : Running the evict task with compensationTime 5ms
2018-11-22 16:14:01.606  WARN 13007 --- [Eureka-PeerNodesUpdater] c.n.eureka.cluster.PeerEurekaNodes       : The replica size seems to be empty. Check the route 53 DNS Registry
2018-11-22 16:14:01.629  INFO 13007 --- [ReplicaAwareInstanceRegistry - RenewalThresholdUpdater] c.n.e.r.PeerAwareInstanceRegistryImpl    : Current renewal threshold is : 5
2018-11-22 16:14:01.882  INFO 13007 --- [Eureka-EvictionTimer] c.n.e.registry.AbstractInstanceRegistry  : Running the evict task with compensationTime 0ms
2018-11-22 16:15:01.885  INFO 13007 --- [Eureka-EvictionTimer] c.n.e.registry.AbstractInstanceRegistry  : Running the evict task with compensationTime 2ms
2018-11-22 16:16:01.886  INFO 13007 --- [Eureka-EvictionTimer] c.n.e.registry.AbstractInstanceRegistry  : Running the evict task with compensationTime 1ms
2018-11-22 16:17:01.886  INFO 13007 --- [Eureka-EvictionTimer] c.n.e.registry.AbstractInstanceRegistry  : Running the evict task with compensationTime 0ms
2018-11-22 16:18:01.890  INFO 13007 --- [Eureka-EvictionTimer] c.n.e.registry.AbstractInstanceRegistry  : Running the evict task with compensationTime 4ms
2018-11-22 16:19:01.892  INFO 13007 --- [Eureka-EvictionTimer] c.n.e.registry.AbstractInstanceRegistry  : Running the evict task with compensationTime 1ms
2018-11-22 16:20:01.897  INFO 13007 --- [Eureka-EvictionTimer] c.n.e.registry.AbstractInstanceRegistry  : Running the evict task with compensationTime 5ms
2018-11-22 16:21:01.901  INFO 13007 --- [Eureka-EvictionTimer] c.n.e.registry.AbstractInstanceRegistry  : Running the evict task with compensationTime 5ms
2018-11-22 16:22:01.903  INFO 13007 --- [Eureka-EvictionTimer] c.n.e.registry.AbstractInstanceRegistry  : Running the evict task with compensationTime 1ms
2018-11-22 16:23:01.908  INFO 13007 --- [Eureka-EvictionTimer] c.n.e.registry.AbstractInstanceRegistry  : Running the evict task with compensationTime 5ms
2018-11-22 16:24:01.607  WARN 13007 --- [Eureka-PeerNodesUpdater] c.n.eureka.cluster.PeerEurekaNodes       : The replica size seems to be empty. Check the route 53 DNS Registry
2018-11-22 16:24:01.913  INFO 13007 --- [Eureka-EvictionTimer] c.n.e.registry.AbstractInstanceRegistry  : Running the evict task with compensationTime 4ms
2018-11-22 16:25:01.918  INFO 13007 --- [Eureka-EvictionTimer] c.n.e.registry.AbstractInstanceRegistry  : Running the evict task with compensationTime 5ms
2018-11-22 16:26:01.920  INFO 13007 --- [Eureka-EvictionTimer] c.n.e.registry.AbstractInstanceRegistry  : Running the evict task with compensationTime 1ms
2018-11-22 16:27:01.935  INFO 13007 --- [Eureka-EvictionTimer] c.n.e.registry.AbstractInstanceRegistry  : Running the evict task with compensationTime 2ms
2018-11-22 16:28:01.650  INFO 13007 --- [Thread-25] ConfigServletWebServerApplicationContext : Closing org.springframework.boot.web.servlet.context.AnnotationConfigServletWebServerApplicationContext@1e8b7643: startup date [Thu Nov 22 15:43:58 CST 2018]; parent: org.springframework.context.annotation.AnnotationConfigApplicationContext@59309333
2018-11-22 16:28:01.651  INFO 13007 --- [Thread-25] o.s.c.n.e.s.EurekaServiceRegistry        : Unregistering application eureka-server with eureka with status DOWN
2018-11-22 16:28:01.652  INFO 13007 --- [Thread-25] o.s.c.support.DefaultLifecycleProcessor  : Stopping beans in phase 0
2018-11-22 16:28:01.653  INFO 13007 --- [Thread-25] c.n.eureka.DefaultEurekaServerContext    : Shutting down ...
2018-11-22 16:28:01.656  INFO 13007 --- [Thread-25] c.n.eureka.DefaultEurekaServerContext    : Shut down
2018-11-22 16:28:01.658  INFO 13007 --- [Thread-25] o.s.j.e.a.AnnotationMBeanExporter        : Unregistering JMX-exposed beans on shutdown
2018-11-22 16:28:01.658  INFO 13007 --- [Thread-25] o.s.j.e.a.AnnotationMBeanExporter        : Unregistering JMX-exposed beans
2018-11-22 16:28:01.661  INFO 13007 --- [Thread-25] com.netflix.discovery.DiscoveryClient    : Shutting down DiscoveryClient ...
2018-11-22 16:28:01.661  INFO 13007 --- [Thread-25] com.netflix.discovery.DiscoveryClient    : Completed shut down of DiscoveryClient
